01-Jun-2026 20:03:54.444 INFO [main] org.apache.catalina.startup.VersionLoggerListener.log Server version name:   Apache Tomcat/10.1.54
01-Jun-2026 20:03:54.448 INFO [main] org.apache.catalina.startup.VersionLoggerListener.log Server built:          Mar 30 2026 22:31:53 UTC
01-Jun-2026 20:03:54.448 INFO [main] org.apache.catalina.startup.VersionLoggerListener.log Server version number: 10.1.54.0
01-Jun-2026 20:03:54.448 INFO [main] org.apache.catalina.startup.VersionLoggerListener.log OS Name:               Windows 11
01-Jun-2026 20:03:54.450 INFO [main] org.apache.catalina.startup.VersionLoggerListener.log OS Version:            10.0
01-Jun-2026 20:03:54.450 INFO [main] org.apache.catalina.startup.VersionLoggerListener.log Architecture:          amd64
01-Jun-2026 20:03:54.450 INFO [main] org.apache.catalina.startup.VersionLoggerListener.log Java Home:             C:\Program Files\Java\jdk-21
01-Jun-2026 20:03:54.450 INFO [main] org.apache.catalina.startup.VersionLoggerListener.log JVM Version:           21.0.2+13-LTS-58
01-Jun-2026 20:03:54.450 INFO [main] org.apache.catalina.startup.VersionLoggerListener.log JVM Vendor:            Oracle Corporation
01-Jun-2026 20:03:54.451 INFO [main] org.apache.catalina.startup.VersionLoggerListener.log CATALINA_BASE:         D:\project\doctor-finder
01-Jun-2026 20:03:54.451 INFO [main] org.apache.catalina.startup.VersionLoggerListener.log CATALINA_HOME:         D:\project\apache-tomcat-10.1.54
01-Jun-2026 20:03:54.459 INFO [main] org.apache.catalina.startup.VersionLoggerListener.log Command line argument: --add-opens=java.base/java.lang=ALL-UNNAMED
01-Jun-2026 20:03:54.460 INFO [main] org.apache.catalina.startup.VersionLoggerListener.log Command line argument: --add-opens=java.base/java.io=ALL-UNNAMED
01-Jun-2026 20:03:54.460 INFO [main] org.apache.catalina.startup.VersionLoggerListener.log Command line argument: --add-opens=java.base/java.util=ALL-UNNAMED
01-Jun-2026 20:03:54.460 INFO [main] org.apache.catalina.startup.VersionLoggerListener.log Command line argument: --add-opens=java.base/java.util.concurrent=ALL-UNNAMED
01-Jun-2026 20:03:54.460 INFO [main] org.apache.catalina.startup.VersionLoggerListener.log Command line argument: --add-opens=java.rmi/sun.rmi.transport=ALL-UNNAMED
01-Jun-2026 20:03:54.460 INFO [main] org.apache.catalina.startup.VersionLoggerListener.log Command line argument: -Dcatalina.home=D:\project\apache-tomcat-10.1.54
01-Jun-2026 20:03:54.460 INFO [main] org.apache.catalina.startup.VersionLoggerListener.log Command line argument: -Dcatalina.base=D:\project\doctor-finder
01-Jun-2026 20:03:54.460 INFO [main] org.apache.catalina.startup.VersionLoggerListener.log Command line argument: -Djava.io.tmpdir=D:\project\doctor-finder\temp
01-Jun-2026 20:03:54.461 INFO [main] org.apache.catalina.startup.VersionLoggerListener.log Command line argument: -Djava.util.logging.config.file=D:\project\doctor-finder\conf\logging.properties
01-Jun-2026 20:03:54.461 INFO [main] org.apache.catalina.startup.VersionLoggerListener.log Command line argument: -Djava.util.logging.manager=org.apache.juli.ClassLoaderLogManager
01-Jun-2026 20:03:54.461 INFO [main] org.apache.catalina.startup.VersionLoggerListener.log Command line argument: -javaagent:C:\Users\Abdullah\AppData\Local\Programs\IntelliJ IDEA Ultimate 2025.2.1\lib\idea_rt.jar=59402
01-Jun-2026 20:03:54.461 INFO [main] org.apache.catalina.startup.VersionLoggerListener.log Command line argument: -Dfile.encoding=UTF-8
01-Jun-2026 20:03:54.461 INFO [main] org.apache.catalina.startup.VersionLoggerListener.log Command line argument: -Dsun.stdout.encoding=UTF-8
01-Jun-2026 20:03:54.461 INFO [main] org.apache.catalina.startup.VersionLoggerListener.log Command line argument: -Dsun.stderr.encoding=UTF-8
01-Jun-2026 20:03:54.535 INFO [main] org.apache.catalina.core.AprLifecycleListener.lifecycleEvent Loaded Apache Tomcat Native library [2.0.14] using APR version [1.7.6].
01-Jun-2026 20:03:54.563 INFO [main] org.apache.catalina.core.AprLifecycleListener.initializeSSL OpenSSL successfully initialized [OpenSSL 3.5.5 27 Jan 2026]
01-Jun-2026 20:03:54.856 INFO [main] org.apache.coyote.AbstractProtocol.init Initializing ProtocolHandler ["http-nio-8080"]
01-Jun-2026 20:03:54.870 INFO [main] org.apache.catalina.startup.Catalina.load Server initialization in [617] milliseconds
01-Jun-2026 20:03:54.919 INFO [main] org.apache.catalina.core.StandardService.startInternal Starting service [Catalina]
01-Jun-2026 20:03:54.919 INFO [main] org.apache.catalina.core.StandardEngine.startInternal Starting Servlet engine: [Apache Tomcat/10.1.54]
01-Jun-2026 20:03:54.927 INFO [main] org.apache.catalina.startup.HostConfig.deployDescriptor Deploying deployment descriptor [D:\project\doctor-finder\conf\Catalina\localhost\doctor-finder.xml]
01-Jun-2026 20:03:57.552 INFO [main] org.apache.jasper.servlet.TldScanner.scanJars At least one JAR was scanned for TLDs yet contained no TLDs. Enable debug logging for this logger for a complete list of JARs that were scanned but no TLDs were found in them. Skipping unneeded JARs during scanning can improve startup time and JSP compilation time.
01-Jun-2026 20:03:58.893 INFO [main] org.apache.catalina.startup.HostConfig.deployDescriptor Deployment of deployment descriptor [D:\project\doctor-finder\conf\Catalina\localhost\doctor-finder.xml] has finished in [3,966] ms
01-Jun-2026 20:03:58.896 INFO [main] org.apache.coyote.AbstractProtocol.start Starting ProtocolHandler ["http-nio-8080"]
01-Jun-2026 20:03:58.916 INFO [main] org.apache.catalina.startup.Catalina.start Server startup in [4045] milliseconds
01-Jun-2026 21:06:56.330 INFO [Thread-1] org.apache.coyote.AbstractProtocol.pause Pausing ProtocolHandler ["http-nio-8080"]
01-Jun-2026 21:06:56.336 INFO [Thread-1] org.apache.catalina.core.StandardService.stopInternal Stopping service [Catalina]
01-Jun-2026 21:06:56.362 INFO [Thread-1] org.apache.coyote.AbstractProtocol.stop Stopping ProtocolHandler ["http-nio-8080"]
01-Jun-2026 21:06:56.367 INFO [Thread-1] org.apache.coyote.AbstractProtocol.destroy Destroying ProtocolHandler ["http-nio-8080"]
01-Jun-2026 21:07:04.415 INFO [main] org.apache.catalina.startup.VersionLoggerListener.log Server version name:   Apache Tomcat/10.1.54
01-Jun-2026 21:07:04.419 INFO [main] org.apache.catalina.startup.VersionLoggerListener.log Server built:          Mar 30 2026 22:31:53 UTC
01-Jun-2026 21:07:04.419 INFO [main] org.apache.catalina.startup.VersionLoggerListener.log Server version number: 10.1.54.0
01-Jun-2026 21:07:04.420 INFO [main] org.apache.catalina.startup.VersionLoggerListener.log OS Name:               Windows 11
01-Jun-2026 21:07:04.420 INFO [main] org.apache.catalina.startup.VersionLoggerListener.log OS Version:            10.0
01-Jun-2026 21:07:04.420 INFO [main] org.apache.catalina.startup.VersionLoggerListener.log Architecture:          amd64
01-Jun-2026 21:07:04.420 INFO [main] org.apache.catalina.startup.VersionLoggerListener.log Java Home:             C:\Program Files\Java\jdk-21
01-Jun-2026 21:07:04.420 INFO [main] org.apache.catalina.startup.VersionLoggerListener.log JVM Version:           21.0.2+13-LTS-58
01-Jun-2026 21:07:04.420 INFO [main] org.apache.catalina.startup.VersionLoggerListener.log JVM Vendor:            Oracle Corporation
01-Jun-2026 21:07:04.420 INFO [main] org.apache.catalina.startup.VersionLoggerListener.log CATALINA_BASE:         D:\project\doctor-finder
01-Jun-2026 21:07:04.420 INFO [main] org.apache.catalina.startup.VersionLoggerListener.log CATALINA_HOME:         D:\project\apache-tomcat-10.1.54
01-Jun-2026 21:07:04.428 INFO [main] org.apache.catalina.startup.VersionLoggerListener.log Command line argument: --add-opens=java.base/java.lang=ALL-UNNAMED
01-Jun-2026 21:07:04.428 INFO [main] org.apache.catalina.startup.VersionLoggerListener.log Command line argument: --add-opens=java.base/java.io=ALL-UNNAMED
01-Jun-2026 21:07:04.428 INFO [main] org.apache.catalina.startup.VersionLoggerListener.log Command line argument: --add-opens=java.base/java.util=ALL-UNNAMED
01-Jun-2026 21:07:04.428 INFO [main] org.apache.catalina.startup.VersionLoggerListener.log Command line argument: --add-opens=java.base/java.util.concurrent=ALL-UNNAMED
01-Jun-2026 21:07:04.429 INFO [main] org.apache.catalina.startup.VersionLoggerListener.log Command line argument: --add-opens=java.rmi/sun.rmi.transport=ALL-UNNAMED
01-Jun-2026 21:07:04.429 INFO [main] org.apache.catalina.startup.VersionLoggerListener.log Command line argument: -Dcatalina.home=D:\project\apache-tomcat-10.1.54
01-Jun-2026 21:07:04.429 INFO [main] org.apache.catalina.startup.VersionLoggerListener.log Command line argument: -Dcatalina.base=D:\project\doctor-finder
01-Jun-2026 21:07:04.429 INFO [main] org.apache.catalina.startup.VersionLoggerListener.log Command line argument: -Djava.io.tmpdir=D:\project\doctor-finder\temp
01-Jun-2026 21:07:04.429 INFO [main] org.apache.catalina.startup.VersionLoggerListener.log Command line argument: -Djava.util.logging.config.file=D:\project\doctor-finder\conf\logging.properties
01-Jun-2026 21:07:04.429 INFO [main] org.apache.catalina.startup.VersionLoggerListener.log Command line argument: -Djava.util.logging.manager=org.apache.juli.ClassLoaderLogManager
01-Jun-2026 21:07:04.429 INFO [main] org.apache.catalina.startup.VersionLoggerListener.log Command line argument: -javaagent:C:\Users\Abdullah\AppData\Local\Programs\IntelliJ IDEA Ultimate 2025.2.1\lib\idea_rt.jar=56250
01-Jun-2026 21:07:04.429 INFO [main] org.apache.catalina.startup.VersionLoggerListener.log Command line argument: -Dfile.encoding=UTF-8
01-Jun-2026 21:07:04.429 INFO [main] org.apache.catalina.startup.VersionLoggerListener.log Command line argument: -Dsun.stdout.encoding=UTF-8
01-Jun-2026 21:07:04.429 INFO [main] org.apache.catalina.startup.VersionLoggerListener.log Command line argument: -Dsun.stderr.encoding=UTF-8
01-Jun-2026 21:07:04.431 INFO [main] org.apache.catalina.core.AprLifecycleListener.lifecycleEvent Loaded Apache Tomcat Native library [2.0.14] using APR version [1.7.6].
01-Jun-2026 21:07:04.435 INFO [main] org.apache.catalina.core.AprLifecycleListener.initializeSSL OpenSSL successfully initialized [OpenSSL 3.5.5 27 Jan 2026]
01-Jun-2026 21:07:04.676 INFO [main] org.apache.coyote.AbstractProtocol.init Initializing ProtocolHandler ["http-nio-8080"]
01-Jun-2026 21:07:04.690 INFO [main] org.apache.catalina.startup.Catalina.load Server initialization in [432] milliseconds
01-Jun-2026 21:07:04.731 INFO [main] org.apache.catalina.core.StandardService.startInternal Starting service [Catalina]
01-Jun-2026 21:07:04.731 INFO [main] org.apache.catalina.core.StandardEngine.startInternal Starting Servlet engine: [Apache Tomcat/10.1.54]
01-Jun-2026 21:07:04.740 INFO [main] org.apache.catalina.startup.HostConfig.deployDescriptor Deploying deployment descriptor [D:\project\doctor-finder\conf\Catalina\localhost\doctor-finder.xml]
01-Jun-2026 21:07:07.081 INFO [main] org.apache.jasper.servlet.TldScanner.scanJars At least one JAR was scanned for TLDs yet contained no TLDs. Enable debug logging for this logger for a complete list of JARs that were scanned but no TLDs were found in them. Skipping unneeded JARs during scanning can improve startup time and JSP compilation time.
01-Jun-2026 21:07:08.278 INFO [main] org.apache.catalina.startup.HostConfig.deployDescriptor Deployment of deployment descriptor [D:\project\doctor-finder\conf\Catalina\localhost\doctor-finder.xml] has finished in [3,538] ms
01-Jun-2026 21:07:08.281 INFO [main] org.apache.coyote.AbstractProtocol.start Starting ProtocolHandler ["http-nio-8080"]
01-Jun-2026 21:07:08.301 INFO [main] org.apache.catalina.startup.Catalina.start Server startup in [3609] milliseconds
01-Jun-2026 21:10:25.823 INFO [Thread-1] org.apache.coyote.AbstractProtocol.pause Pausing ProtocolHandler ["http-nio-8080"]
01-Jun-2026 21:10:25.828 INFO [Thread-1] org.apache.catalina.core.StandardService.stopInternal Stopping service [Catalina]
01-Jun-2026 21:10:25.851 INFO [Thread-1] org.apache.coyote.AbstractProtocol.stop Stopping ProtocolHandler ["http-nio-8080"]
01-Jun-2026 21:10:25.867 INFO [Thread-1] org.apache.coyote.AbstractProtocol.destroy Destroying ProtocolHandler ["http-nio-8080"]
01-Jun-2026 21:10:32.468 INFO [main] org.apache.catalina.startup.VersionLoggerListener.log Server version name:   Apache Tomcat/10.1.54
01-Jun-2026 21:10:32.472 INFO [main] org.apache.catalina.startup.VersionLoggerListener.log Server built:          Mar 30 2026 22:31:53 UTC
01-Jun-2026 21:10:32.472 INFO [main] org.apache.catalina.startup.VersionLoggerListener.log Server version number: 10.1.54.0
01-Jun-2026 21:10:32.473 INFO [main] org.apache.catalina.startup.VersionLoggerListener.log OS Name:               Windows 11
01-Jun-2026 21:10:32.473 INFO [main] org.apache.catalina.startup.VersionLoggerListener.log OS Version:            10.0
01-Jun-2026 21:10:32.473 INFO [main] org.apache.catalina.startup.VersionLoggerListener.log Architecture:          amd64
01-Jun-2026 21:10:32.474 INFO [main] org.apache.catalina.startup.VersionLoggerListener.log Java Home:             C:\Program Files\Java\jdk-21
01-Jun-2026 21:10:32.474 INFO [main] org.apache.catalina.startup.VersionLoggerListener.log JVM Version:           21.0.2+13-LTS-58
01-Jun-2026 21:10:32.474 INFO [main] org.apache.catalina.startup.VersionLoggerListener.log JVM Vendor:            Oracle Corporation
01-Jun-2026 21:10:32.474 INFO [main] org.apache.catalina.startup.VersionLoggerListener.log CATALINA_BASE:         D:\project\doctor-finder
01-Jun-2026 21:10:32.474 INFO [main] org.apache.catalina.startup.VersionLoggerListener.log CATALINA_HOME:         D:\project\apache-tomcat-10.1.54
01-Jun-2026 21:10:32.481 INFO [main] org.apache.catalina.startup.VersionLoggerListener.log Command line argument: --add-opens=java.base/java.lang=ALL-UNNAMED
01-Jun-2026 21:10:32.481 INFO [main] org.apache.catalina.startup.VersionLoggerListener.log Command line argument: --add-opens=java.base/java.io=ALL-UNNAMED
01-Jun-2026 21:10:32.481 INFO [main] org.apache.catalina.startup.VersionLoggerListener.log Command line argument: --add-opens=java.base/java.util=ALL-UNNAMED
01-Jun-2026 21:10:32.481 INFO [main] org.apache.catalina.startup.VersionLoggerListener.log Command line argument: --add-opens=java.base/java.util.concurrent=ALL-UNNAMED
01-Jun-2026 21:10:32.481 INFO [main] org.apache.catalina.startup.VersionLoggerListener.log Command line argument: --add-opens=java.rmi/sun.rmi.transport=ALL-UNNAMED
01-Jun-2026 21:10:32.481 INFO [main] org.apache.catalina.startup.VersionLoggerListener.log Command line argument: -Dcatalina.home=D:\project\apache-tomcat-10.1.54
01-Jun-2026 21:10:32.481 INFO [main] org.apache.catalina.startup.VersionLoggerListener.log Command line argument: -Dcatalina.base=D:\project\doctor-finder
01-Jun-2026 21:10:32.482 INFO [main] org.apache.catalina.startup.VersionLoggerListener.log Command line argument: -Djava.io.tmpdir=D:\project\doctor-finder\temp
01-Jun-2026 21:10:32.482 INFO [main] org.apache.catalina.startup.VersionLoggerListener.log Command line argument: -Djava.util.logging.config.file=D:\project\doctor-finder\conf\logging.properties
01-Jun-2026 21:10:32.482 INFO [main] org.apache.catalina.startup.VersionLoggerListener.log Command line argument: -Djava.util.logging.manager=org.apache.juli.ClassLoaderLogManager
01-Jun-2026 21:10:32.482 INFO [main] org.apache.catalina.startup.VersionLoggerListener.log Command line argument: -javaagent:C:\Users\Abdullah\AppData\Local\Programs\IntelliJ IDEA Ultimate 2025.2.1\lib\idea_rt.jar=65027
01-Jun-2026 21:10:32.482 INFO [main] org.apache.catalina.startup.VersionLoggerListener.log Command line argument: -Dfile.encoding=UTF-8
01-Jun-2026 21:10:32.482 INFO [main] org.apache.catalina.startup.VersionLoggerListener.log Command line argument: -Dsun.stdout.encoding=UTF-8
01-Jun-2026 21:10:32.482 INFO [main] org.apache.catalina.startup.VersionLoggerListener.log Command line argument: -Dsun.stderr.encoding=UTF-8
01-Jun-2026 21:10:32.484 INFO [main] org.apache.catalina.core.AprLifecycleListener.lifecycleEvent Loaded Apache Tomcat Native library [2.0.14] using APR version [1.7.6].
01-Jun-2026 21:10:32.488 INFO [main] org.apache.catalina.core.AprLifecycleListener.initializeSSL OpenSSL successfully initialized [OpenSSL 3.5.5 27 Jan 2026]
01-Jun-2026 21:10:32.729 INFO [main] org.apache.coyote.AbstractProtocol.init Initializing ProtocolHandler ["http-nio-8080"]
01-Jun-2026 21:10:32.744 INFO [main] org.apache.catalina.startup.Catalina.load Server initialization in [428] milliseconds
01-Jun-2026 21:10:32.789 INFO [main] org.apache.catalina.core.StandardService.startInternal Starting service [Catalina]
01-Jun-2026 21:10:32.789 INFO [main] org.apache.catalina.core.StandardEngine.startInternal Starting Servlet engine: [Apache Tomcat/10.1.54]
01-Jun-2026 21:10:32.800 INFO [main] org.apache.catalina.startup.HostConfig.deployDescriptor Deploying deployment descriptor [D:\project\doctor-finder\conf\Catalina\localhost\doctor-finder.xml]
01-Jun-2026 21:10:35.137 INFO [main] org.apache.jasper.servlet.TldScanner.scanJars At least one JAR was scanned for TLDs yet contained no TLDs. Enable debug logging for this logger for a complete list of JARs that were scanned but no TLDs were found in them. Skipping unneeded JARs during scanning can improve startup time and JSP compilation time.
01-Jun-2026 21:10:36.343 INFO [main] org.apache.catalina.startup.HostConfig.deployDescriptor Deployment of deployment descriptor [D:\project\doctor-finder\conf\Catalina\localhost\doctor-finder.xml] has finished in [3,543] ms
01-Jun-2026 21:10:36.346 INFO [main] org.apache.coyote.AbstractProtocol.start Starting ProtocolHandler ["http-nio-8080"]
01-Jun-2026 21:10:36.363 INFO [main] org.apache.catalina.startup.Catalina.start Server startup in [3618] milliseconds
01-Jun-2026 22:22:31.658 INFO [Thread-1] org.apache.coyote.AbstractProtocol.pause Pausing ProtocolHandler ["http-nio-8080"]
01-Jun-2026 22:22:31.664 INFO [Thread-1] org.apache.catalina.core.StandardService.stopInternal Stopping service [Catalina]
01-Jun-2026 22:22:31.687 INFO [Thread-1] org.apache.coyote.AbstractProtocol.stop Stopping ProtocolHandler ["http-nio-8080"]
01-Jun-2026 22:22:31.696 INFO [Thread-1] org.apache.coyote.AbstractProtocol.destroy Destroying ProtocolHandler ["http-nio-8080"]
01-Jun-2026 22:22:41.737 INFO [main] org.apache.catalina.startup.VersionLoggerListener.log Server version name:   Apache Tomcat/10.1.54
01-Jun-2026 22:22:41.742 INFO [main] org.apache.catalina.startup.VersionLoggerListener.log Server built:          Mar 30 2026 22:31:53 UTC
01-Jun-2026 22:22:41.742 INFO [main] org.apache.catalina.startup.VersionLoggerListener.log Server version number: 10.1.54.0
01-Jun-2026 22:22:41.742 INFO [main] org.apache.catalina.startup.VersionLoggerListener.log OS Name:               Windows 11
01-Jun-2026 22:22:41.742 INFO [main] org.apache.catalina.startup.VersionLoggerListener.log OS Version:            10.0
01-Jun-2026 22:22:41.743 INFO [main] org.apache.catalina.startup.VersionLoggerListener.log Architecture:          amd64
01-Jun-2026 22:22:41.743 INFO [main] org.apache.catalina.startup.VersionLoggerListener.log Java Home:             C:\Program Files\Java\jdk-21
01-Jun-2026 22:22:41.743 INFO [main] org.apache.catalina.startup.VersionLoggerListener.log JVM Version:           21.0.2+13-LTS-58
01-Jun-2026 22:22:41.743 INFO [main] org.apache.catalina.startup.VersionLoggerListener.log JVM Vendor:            Oracle Corporation
01-Jun-2026 22:22:41.743 INFO [main] org.apache.catalina.startup.VersionLoggerListener.log CATALINA_BASE:         D:\project\doctor-finder
01-Jun-2026 22:22:41.743 INFO [main] org.apache.catalina.startup.VersionLoggerListener.log CATALINA_HOME:         D:\project\apache-tomcat-10.1.54
01-Jun-2026 22:22:41.752 INFO [main] org.apache.catalina.startup.VersionLoggerListener.log Command line argument: --add-opens=java.base/java.lang=ALL-UNNAMED
01-Jun-2026 22:22:41.752 INFO [main] org.apache.catalina.startup.VersionLoggerListener.log Command line argument: --add-opens=java.base/java.io=ALL-UNNAMED
01-Jun-2026 22:22:41.753 INFO [main] org.apache.catalina.startup.VersionLoggerListener.log Command line argument: --add-opens=java.base/java.util=ALL-UNNAMED
01-Jun-2026 22:22:41.753 INFO [main] org.apache.catalina.startup.VersionLoggerListener.log Command line argument: --add-opens=java.base/java.util.concurrent=ALL-UNNAMED
01-Jun-2026 22:22:41.753 INFO [main] org.apache.catalina.startup.VersionLoggerListener.log Command line argument: --add-opens=java.rmi/sun.rmi.transport=ALL-UNNAMED
01-Jun-2026 22:22:41.753 INFO [main] org.apache.catalina.startup.VersionLoggerListener.log Command line argument: -Dcatalina.home=D:\project\apache-tomcat-10.1.54
01-Jun-2026 22:22:41.753 INFO [main] org.apache.catalina.startup.VersionLoggerListener.log Command line argument: -Dcatalina.base=D:\project\doctor-finder
01-Jun-2026 22:22:41.753 INFO [main] org.apache.catalina.startup.VersionLoggerListener.log Command line argument: -Djava.io.tmpdir=D:\project\doctor-finder\temp
01-Jun-2026 22:22:41.753 INFO [main] org.apache.catalina.startup.VersionLoggerListener.log Command line argument: -Djava.util.logging.config.file=D:\project\doctor-finder\conf\logging.properties
01-Jun-2026 22:22:41.753 INFO [main] org.apache.catalina.startup.VersionLoggerListener.log Command line argument: -Djava.util.logging.manager=org.apache.juli.ClassLoaderLogManager
01-Jun-2026 22:22:41.753 INFO [main] org.apache.catalina.startup.VersionLoggerListener.log Command line argument: -javaagent:C:\Users\Abdullah\AppData\Local\Programs\IntelliJ IDEA Ultimate 2025.2.1\lib\idea_rt.jar=53622
01-Jun-2026 22:22:41.754 INFO [main] org.apache.catalina.startup.VersionLoggerListener.log Command line argument: -Dfile.encoding=UTF-8
01-Jun-2026 22:22:41.754 INFO [main] org.apache.catalina.startup.VersionLoggerListener.log Command line argument: -Dsun.stdout.encoding=UTF-8
01-Jun-2026 22:22:41.754 INFO [main] org.apache.catalina.startup.VersionLoggerListener.log Command line argument: -Dsun.stderr.encoding=UTF-8
01-Jun-2026 22:22:41.756 INFO [main] org.apache.catalina.core.AprLifecycleListener.lifecycleEvent Loaded Apache Tomcat Native library [2.0.14] using APR version [1.7.6].
01-Jun-2026 22:22:41.761 INFO [main] org.apache.catalina.core.AprLifecycleListener.initializeSSL OpenSSL successfully initialized [OpenSSL 3.5.5 27 Jan 2026]
01-Jun-2026 22:22:41.998 INFO [main] org.apache.coyote.AbstractProtocol.init Initializing ProtocolHandler ["http-nio-8080"]
01-Jun-2026 22:22:42.011 INFO [main] org.apache.catalina.startup.Catalina.load Server initialization in [467] milliseconds
01-Jun-2026 22:22:42.055 INFO [main] org.apache.catalina.core.StandardService.startInternal Starting service [Catalina]
01-Jun-2026 22:22:42.056 INFO [main] org.apache.catalina.core.StandardEngine.startInternal Starting Servlet engine: [Apache Tomcat/10.1.54]
01-Jun-2026 22:22:42.065 INFO [main] org.apache.catalina.startup.HostConfig.deployDescriptor Deploying deployment descriptor [D:\project\doctor-finder\conf\Catalina\localhost\doctor-finder.xml]
01-Jun-2026 22:22:44.495 INFO [main] org.apache.jasper.servlet.TldScanner.scanJars At least one JAR was scanned for TLDs yet contained no TLDs. Enable debug logging for this logger for a complete list of JARs that were scanned but no TLDs were found in them. Skipping unneeded JARs during scanning can improve startup time and JSP compilation time.
01-Jun-2026 22:22:45.750 INFO [main] org.apache.catalina.startup.HostConfig.deployDescriptor Deployment of deployment descriptor [D:\project\doctor-finder\conf\Catalina\localhost\doctor-finder.xml] has finished in [3,685] ms
01-Jun-2026 22:22:45.753 INFO [main] org.apache.coyote.AbstractProtocol.start Starting ProtocolHandler ["http-nio-8080"]
01-Jun-2026 22:22:45.777 INFO [main] org.apache.catalina.startup.Catalina.start Server startup in [3763] milliseconds
01-Jun-2026 22:25:10.614 INFO [Thread-1] org.apache.coyote.AbstractProtocol.pause Pausing ProtocolHandler ["http-nio-8080"]
01-Jun-2026 22:25:10.619 INFO [Thread-1] org.apache.catalina.core.StandardService.stopInternal Stopping service [Catalina]
01-Jun-2026 22:25:10.642 INFO [Thread-1] org.apache.coyote.AbstractProtocol.stop Stopping ProtocolHandler ["http-nio-8080"]
01-Jun-2026 22:25:10.646 INFO [Thread-1] org.apache.coyote.AbstractProtocol.destroy Destroying ProtocolHandler ["http-nio-8080"]
01-Jun-2026 22:25:17.999 INFO [main] org.apache.catalina.startup.VersionLoggerListener.log Server version name:   Apache Tomcat/10.1.54
01-Jun-2026 22:25:18.005 INFO [main] org.apache.catalina.startup.VersionLoggerListener.log Server built:          Mar 30 2026 22:31:53 UTC
01-Jun-2026 22:25:18.005 INFO [main] org.apache.catalina.startup.VersionLoggerListener.log Server version number: 10.1.54.0
01-Jun-2026 22:25:18.005 INFO [main] org.apache.catalina.startup.VersionLoggerListener.log OS Name:               Windows 11
01-Jun-2026 22:25:18.006 INFO [main] org.apache.catalina.startup.VersionLoggerListener.log OS Version:            10.0
01-Jun-2026 22:25:18.006 INFO [main] org.apache.catalina.startup.VersionLoggerListener.log Architecture:          amd64
01-Jun-2026 22:25:18.006 INFO [main] org.apache.catalina.startup.VersionLoggerListener.log Java Home:             C:\Program Files\Java\jdk-21
01-Jun-2026 22:25:18.006 INFO [main] org.apache.catalina.startup.VersionLoggerListener.log JVM Version:           21.0.2+13-LTS-58
01-Jun-2026 22:25:18.006 INFO [main] org.apache.catalina.startup.VersionLoggerListener.log JVM Vendor:            Oracle Corporation
01-Jun-2026 22:25:18.006 INFO [main] org.apache.catalina.startup.VersionLoggerListener.log CATALINA_BASE:         D:\project\doctor-finder
01-Jun-2026 22:25:18.006 INFO [main] org.apache.catalina.startup.VersionLoggerListener.log CATALINA_HOME:         D:\project\apache-tomcat-10.1.54
01-Jun-2026 22:25:18.015 INFO [main] org.apache.catalina.startup.VersionLoggerListener.log Command line argument: --add-opens=java.base/java.lang=ALL-UNNAMED
01-Jun-2026 22:25:18.015 INFO [main] org.apache.catalina.startup.VersionLoggerListener.log Command line argument: --add-opens=java.base/java.io=ALL-UNNAMED
01-Jun-2026 22:25:18.015 INFO [main] org.apache.catalina.startup.VersionLoggerListener.log Command line argument: --add-opens=java.base/java.util=ALL-UNNAMED
01-Jun-2026 22:25:18.015 INFO [main] org.apache.catalina.startup.VersionLoggerListener.log Command line argument: --add-opens=java.base/java.util.concurrent=ALL-UNNAMED
01-Jun-2026 22:25:18.015 INFO [main] org.apache.catalina.startup.VersionLoggerListener.log Command line argument: --add-opens=java.rmi/sun.rmi.transport=ALL-UNNAMED
01-Jun-2026 22:25:18.015 INFO [main] org.apache.catalina.startup.VersionLoggerListener.log Command line argument: -Dcatalina.home=D:\project\apache-tomcat-10.1.54
01-Jun-2026 22:25:18.015 INFO [main] org.apache.catalina.startup.VersionLoggerListener.log Command line argument: -Dcatalina.base=D:\project\doctor-finder
01-Jun-2026 22:25:18.016 INFO [main] org.apache.catalina.startup.VersionLoggerListener.log Command line argument: -Djava.io.tmpdir=D:\project\doctor-finder\temp
01-Jun-2026 22:25:18.016 INFO [main] org.apache.catalina.startup.VersionLoggerListener.log Command line argument: -Djava.util.logging.config.file=D:\project\doctor-finder\conf\logging.properties
01-Jun-2026 22:25:18.016 INFO [main] org.apache.catalina.startup.VersionLoggerListener.log Command line argument: -Djava.util.logging.manager=org.apache.juli.ClassLoaderLogManager
01-Jun-2026 22:25:18.016 INFO [main] org.apache.catalina.startup.VersionLoggerListener.log Command line argument: -javaagent:C:\Users\Abdullah\AppData\Local\Programs\IntelliJ IDEA Ultimate 2025.2.1\lib\idea_rt.jar=62280
01-Jun-2026 22:25:18.016 INFO [main] org.apache.catalina.startup.VersionLoggerListener.log Command line argument: -Dfile.encoding=UTF-8
01-Jun-2026 22:25:18.016 INFO [main] org.apache.catalina.startup.VersionLoggerListener.log Command line argument: -Dsun.stdout.encoding=UTF-8
01-Jun-2026 22:25:18.016 INFO [main] org.apache.catalina.startup.VersionLoggerListener.log Command line argument: -Dsun.stderr.encoding=UTF-8
01-Jun-2026 22:25:18.018 INFO [main] org.apache.catalina.core.AprLifecycleListener.lifecycleEvent Loaded Apache Tomcat Native library [2.0.14] using APR version [1.7.6].
01-Jun-2026 22:25:18.023 INFO [main] org.apache.catalina.core.AprLifecycleListener.initializeSSL OpenSSL successfully initialized [OpenSSL 3.5.5 27 Jan 2026]
01-Jun-2026 22:25:18.292 INFO [main] org.apache.coyote.AbstractProtocol.init Initializing ProtocolHandler ["http-nio-8080"]
01-Jun-2026 22:25:18.311 INFO [main] org.apache.catalina.startup.Catalina.load Server initialization in [475] milliseconds
01-Jun-2026 22:25:18.365 INFO [main] org.apache.catalina.core.StandardService.startInternal Starting service [Catalina]
01-Jun-2026 22:25:18.366 INFO [main] org.apache.catalina.core.StandardEngine.startInternal Starting Servlet engine: [Apache Tomcat/10.1.54]
01-Jun-2026 22:25:18.377 INFO [main] org.apache.catalina.startup.HostConfig.deployDescriptor Deploying deployment descriptor [D:\project\doctor-finder\conf\Catalina\localhost\doctor-finder.xml]
01-Jun-2026 22:25:20.772 INFO [main] org.apache.jasper.servlet.TldScanner.scanJars At least one JAR was scanned for TLDs yet contained no TLDs. Enable debug logging for this logger for a complete list of JARs that were scanned but no TLDs were found in them. Skipping unneeded JARs during scanning can improve startup time and JSP compilation time.
01-Jun-2026 22:25:21.973 INFO [main] org.apache.catalina.startup.HostConfig.deployDescriptor Deployment of deployment descriptor [D:\project\doctor-finder\conf\Catalina\localhost\doctor-finder.xml] has finished in [3,596] ms
01-Jun-2026 22:25:21.976 INFO [main] org.apache.coyote.AbstractProtocol.start Starting ProtocolHandler ["http-nio-8080"]
01-Jun-2026 22:25:21.997 INFO [main] org.apache.catalina.startup.Catalina.start Server startup in [3684] milliseconds
01-Jun-2026 22:28:55.542 INFO [Thread-1] org.apache.coyote.AbstractProtocol.pause Pausing ProtocolHandler ["http-nio-8080"]
01-Jun-2026 22:28:55.548 INFO [Thread-1] org.apache.catalina.core.StandardService.stopInternal Stopping service [Catalina]
01-Jun-2026 22:28:55.571 INFO [Thread-1] org.apache.coyote.AbstractProtocol.stop Stopping ProtocolHandler ["http-nio-8080"]
01-Jun-2026 22:28:55.588 INFO [Thread-1] org.apache.coyote.AbstractProtocol.destroy Destroying ProtocolHandler ["http-nio-8080"]
